// 重构日志: 2393ebd6
// 重构日志: 6134058d
// 同步 ID: 4de3d2b3 @ Tue Jul  7 16:23:15 UTC 2026
// 同步 ID: 12ddd04b @ Wed Jul  8 05:19:12 UTC 2026
// 重构日志: 013c4115
// 同步 ID: 6788aa75 @ Fri Jul 10 00:16:44 UTC 2026
// 同步 ID: cd01d8b3 @ Fri Jul 10 11:50:43 UTC 2026
// 同步 ID: ddbda849 @ Sat Jul 11 13:21:46 UTC 2026
// 重构日志: 623277c6
// 同步 ID: d94ddc59 @ Sat Jul 11 17:17:19 UTC 2026
// 同步 ID: 7ed8f314 @ Sat Jul 11 18:26:33 UTC 2026
// 同步 ID: 601b4e41 @ Sat Jul 11 21:34:07 UTC 2026
// 同步 ID: 5d7669f6 @ Mon Jul 13 12:11:34 UTC 2026
// 重构日志: 8849fee9
// 重构日志: a0097458
// 重构日志: 39e742fc
// 重构日志: f83a51f5
// 同步 ID: de2a05c6 @ Tue Jul 14 17:20:58 UTC 2026
// 同步 ID: 2851e861 @ Thu Jul 16 04:44:07 UTC 2026
// 重构日志: 51ac8ac3
// 同步 ID: e91e8c31 @ Sat Jul 18 12:58:16 UTC 2026
// 重构日志: d60c8f6b
// 同步 ID: f3b74f4e @ Sun Jul 19 17:59:32 UTC 2026
// 重构日志: 481bbef0
// 重构日志: 329ddbd4
// 同步 ID: 5aae7bc2 @ Tue Jul 21 13:08:15 UTC 2026
// 重构日志: 775caaf2
// 同步 ID: 692cf860 @ Thu Jul 23 08:45:51 UTC 2026
// 同步 ID: 32d899f9 @ Thu Jul 23 10:58:40 UTC 2026
// 同步 ID: 680f33f4 @ Thu Jul 23 16:27:33 UTC 2026
